<?xml version="1.0" encoding="UTF-8"?>
<testng-results skipped="0" failed="0" total="1" passed="1">
  <reporter-output>
    <line>
      <![CDATA[测试生成报告 ]]>
    </line>
  </reporter-output>
  <suite name="Default Suite" duration-ms="2557" started-at="2018-09-25T08:24:12Z" finished-at="2018-09-25T08:24:15Z">
    <groups>
    </groups>
    <test name="cfw-test" duration-ms="2557" started-at="2018-09-25T08:24:12Z" finished-at="2018-09-25T08:24:15Z">
      <class name="com.yixin.test.PrivilegeRefuelMerchant">
        <test-method status="PASS" signature="SetUp()[pri:0, instance:com.yixin.test.PrivilegeRefuelMerchant@124409e]" name="SetUp" is-config="true" duration-ms="390" started-at="2018-09-25T16:24:12Z" finished-at="2018-09-25T16:24:13Z">
          <reporter-output>
          </reporter-output>
        </test-method> <!-- SetUp -->
        <test-method status="PASS" signature="testStart(java.lang.reflect.Method)[pri:0, instance:com.yixin.test.PrivilegeRefuelMerchant@124409e]" name="testStart" is-config="true" duration-ms="1" started-at="2018-09-25T16:24:13Z" finished-at="2018-09-25T16:24:13Z">
          <params>
            <param index="0">
              <value>
                <![CDATA[public void com.yixin.test.PrivilegeRefuelMerchant.testPrivilegeRefuelMerchant010() throws java.sql.SQLException]]>
              </value>
            </param>
          </params>
          <reporter-output>
          </reporter-output>
        </test-method> <!-- testStart -->
        <test-method status="PASS" signature="testPrivilegeRefuelMerchant010()[pri:0, instance:com.yixin.test.PrivilegeRefuelMerchant@124409e]" name="testPrivilegeRefuelMerchant010" duration-ms="2156" started-at="2018-09-25T16:24:13Z" finished-at="2018-09-25T16:24:15Z">
          <reporter-output>
            <line>
              <![CDATA[测试生成报告 ]]>
            </line>
          </reporter-output>
        </test-method> <!-- testPrivilegeRefuelMerchant010 -->
        <test-method status="PASS" signature="testEnd(java.lang.reflect.Method)[pri:0, instance:com.yixin.test.PrivilegeRefuelMerchant@124409e]" name="testEnd" is-config="true" duration-ms="0" started-at="2018-09-25T16:24:15Z" finished-at="2018-09-25T16:24:15Z">
          <params>
            <param index="0">
              <value>
                <![CDATA[public void com.yixin.test.PrivilegeRefuelMerchant.testPrivilegeRefuelMerchant010() throws java.sql.SQLException]]>
              </value>
            </param>
          </params>
          <reporter-output>
          </reporter-output>
        </test-method> <!-- testEnd -->
      </class> <!-- com.yixin.test.PrivilegeRefuelMerchant -->
    </test> <!-- cfw-test -->
  </suite> <!-- Default Suite -->
</testng-results>
